<?xml version="1.0" encoding="UTF-8"?>
<!-- Generated by org.testng.reporters.JUnitReportReporter -->
<testsuite hostname="LAPTOP-5F7SH6V0" failures="0" tests="2" name="com.cyient.test.DemoTest" time="0.013" errors="0" timestamp="2021-06-08T10:44:45 IST" skipped="0">
  <testcase classname="com.cyient.test.DemoTest" name="validTest" time="0.011"/>
  <system-out/>
  <testcase classname="com.cyient.test.DemoTest" name="validTest" time="0.002"/>
  <system-out/>
</testsuite> <!-- com.cyient.test.DemoTest -->
